Using pre-set license
Built from '2020.3/release' branch; Version is '2020.3.12f1 (b3b2c6512326) revision 11776710'; Using compiler version '192528614'; Build Type 'Release'
OS: 'Windows 10 Pro; OS build 19042.1052; Version 2009; 64bit' Language: 'en' Physical Memory: 8128 MB
BatchMode: 1, IsHumanControllingUs: 0, StartBugReporterOnCrash: 0, Is64bit: 1, IsPro: 0

 COMMAND LINE ARGUMENTS:
D:\Unity\Versions\2020.3.12f1\Editor\Unity.exe
-adb2
-batchMode
-noUpm
-name
AssetImportWorker0
-projectPath
D:/GitHub Unity/TSDV/3er Semestre/Arte 3d/Accumula
-logFile
Logs/AssetImportWorker0.log
-srvPort
61323
Successfully changed project path to: D:/GitHub Unity/TSDV/3er Semestre/Arte 3d/Accumula
D:/GitHub Unity/TSDV/3er Semestre/Arte 3d/Accumula
Using Asset Import Pipeline V2.
